00:00:00.003900 main     VirtualBox COM Server 6.1.14 r140239 win.amd64 (Sep  4 2020 08:29:36) release log
00:00:00.003902 main     Log opened 2023-12-29T14:59:49.933520900Z
00:00:00.003902 main     Build Type: release
00:00:00.003906 main     OS Product: Windows 10
00:00:00.003907 main     OS Release: 10.0.22631
00:00:00.003907 main     OS Service Pack: 
00:00:00.049524 main     DMI Product Name: HP Pavilion Gaming Laptop 15-ec2xxx
00:00:00.056898 main     DMI Product Version:  
00:00:00.056907 main     Firmware type: UEFI
00:00:00.057137 main     Secure Boot: VERR_PRIVILEGE_NOT_HELD
00:00:00.057151 main     Host RAM: 7521MB (7.3GB) total, 2465MB (2.4GB) available
00:00:00.057154 main     Executable: C:\Program Files\Oracle\VirtualBox\VBoxSVC.exe
00:00:00.057154 main     Process ID: 11780
00:00:00.057155 main     Package type: WINDOWS_64BITS_GENERIC
00:00:00.104940          VirtualBox: object creation starts
00:00:00.106956          Home directory: 'C:\Users\janap\.VirtualBox'
00:00:00.107444          Installed Drivers:
00:00:00.110386            C:\WINDOWS\system32\DRIVERS\VBoxNetLwf.sys (Version: 6.1.14.40239)
00:00:00.111215            C:\WINDOWS\system32\DRIVERS\VBoxUSBMon.sys (Version: 6.1.14.40239)
00:00:00.111628            C:\WINDOWS\system32\DRIVERS\VBoxDrv.sys (Version: 6.1.14.40239)
00:00:00.112479            C:\WINDOWS\system32\DRIVERS\VBoxNetAdp6.sys (Version: 6.1.14.40239)
00:00:00.118896          Loading settings file "C:\Users\janap\.VirtualBox\VirtualBox.xml" with version "1.12-windows"
00:00:00.126068          usbLibGetDevices: Starting USB device enumeration
00:00:00.126176          Getting USB descriptor (id 0) failed (dwErr=31) on hub USB#ROOT_HUB30#5&14de47ce&0&0#{f18a0e88-c30c-11d0-8815-00a0c906bed8} port 4
00:00:00.130926          Getting USB descriptor (id 0) failed (dwErr=31) on hub USB#ROOT_HUB30#5&37dfea2b&0&0#{f18a0e88-c30c-11d0-8815-00a0c906bed8} port 3
00:00:00.132157          usbLibGetDevices: Found 3 USB devices, 0 captured
00:00:00.133595          USB: Unknown USB device detected (idVendor: 0x04f2, idProduct: 0xb722)
00:00:00.134152          USB: Unknown USB device detected (idVendor: 0x0bda, idProduct: 0x2852)
00:00:00.134163          USB: Unknown USB device detected (idVendor: 0x1ea7, idProduct: 0x0064)
00:00:00.232392          netIfIsWireless: CreateFile on '\\.\{F631E05D-8A14-40BE-9CFE-7934539C7460}' failed with rcWin=2 (0x2) - ignoring
00:00:00.237190          HostDnsMonitor: initializing
00:00:00.248351          HostDnsMonitor: updating information
00:00:00.248904          HostDnsMonitor: old information
00:00:00.248905            no server entries
00:00:00.248906            no domain set
00:00:00.248906            no search string entries
00:00:00.248907          HostDnsMonitor: new information
00:00:00.248907            server 1: 192.168.157.184
00:00:00.248908            no domain set
00:00:00.248908            no search string entries
00:00:00.254311          VD: VDInit finished with VINF_SUCCESS
00:00:00.257222          VirtualBox: object created
00:00:07.852256          Saving settings file "C:\Users\janap\.VirtualBox\VirtualBox.xml" with version "1.12-windows"
00:00:07.855459          Saving settings file "C:\Users\janap\.VirtualBox\VirtualBox.xml" with version "1.12-windows"
00:00:13.384601 main     VirtualBox: object deletion starts
00:00:13.385464 main     HostDnsMonitor: shutting down ...
00:00:13.385498 main     HostDnsMonitor: shut down
00:00:13.387111 Watcher  ERROR [COM]: aRC=E_ACCESSDENIED (0x80070005) aIID={d0a0163f-e254-4e5b-a1f2-011cf991c38d} aComponent={VirtualBoxWrap} aText={The object is not ready}, preserve=false aResultDetail=0
00:00:13.388202 main     VirtualBox: object deleted
